info: registered [object Object]
info: registered [object Object]
info: registered {"email":"rahmatjon976@gmail.com","password":"$2b$12$oYfxGmA3eFfjBzRhfSXyi.xvriquZYFAupy/sMscbxxlUNDWY5LTq","otp":"853905","otpTime":1761042965791}
info: registered {"email":"rahmatjon978@gmail.com","password":"$2b$12$o3Bzqg86vIJSgygIpZEg0euHnugx/lIUl0AkuEyhWcUL8dmnX3hBK","otp":"048490","otpTime":1761043002526}
info: registered {"email":"rahmatjon97d8@gmail.com","password":"$2b$12$Ae7thGFrUaUMaEj3XDerhOlkF3s.H/truY7EnqricptF.5nsxT8JC","otp":"475626","otpTime":1761043023082}
info: registered {"email":"rahmatjon974@gmail.com","password":"$2b$12$BdDZoqOIrLqq5sNDo6QLJObZxbaksfwA3Df.l0r.xxOsA8ocTDK26","otp":"149399","otpTime":1761043387707}
info: registered {"email":"rahmatjon975@gmail.com","password":"$2b$12$Ul4gXIw5RrdIf5YXbrsjAei5hLWkt7x7erExfXDteBUlT190fu5hW","otp":null,"otpTime":1761044985185}
info: registered {"email":"rahmatjon975@gmail.com","password":"$2b$12$AE5snhlLR6KbCK5wryerLuEQidxMMwwwkmCEoUErAHxS8PRxM41ny","otp":null,"otpTime":1761045014630}
info: registered {"email":"rahmatjon974@gmail.com","password":"$2b$12$2/8sd5.F.q/xl1yMw5ZfBe.rx/IKF5DTg/DjzFGLELDutR.uCU0y2","otp":[5,8,2,8,2,4],"otpTime":1761193678306}
info: registered {"email":"rahmatjon974@gmail.com","password":"$2b$12$/8EgPxpmeeA3eCKYUsaFS.A9Xko0TdBT5SJB4AzyWor3lIlibHpPa","otp":"007166","otpTime":1761193734370}
info: reset password succuess ------- rahmatjon974@gmail.com
error: not verified {"errors":[],"status":401}
error: token not found {"errors":[],"status":404}
error: token not found {"errors":[],"status":404}
error: token not found {"errors":[],"status":404}
error: token not found {"errors":[],"status":404}
error: token not found {"errors":[],"status":404}
error: token not found {"errors":[],"status":404}
error: token not found {"errors":[],"status":404}
error: "email" is required {"errors":[],"status":400}
error: "email" is required {"errors":[],"status":400}
error: "otp" is required {"errors":[],"status":400}
error: "otp" is required {"errors":[],"status":400}
error: such user already exists {"errors":[],"status":400}
info: login succuess ------ rahmatjon974@gmail.com
error: not verified {"errors":[],"status":401}
error: Path `cars` is required.,Path `img` is required.
error: Path `cars` is required.,Path `img` is required.
error: Path `img` is required.
error: Path `frontImage` is required.,Path `backImage` is required.,Path `modelImage` is required.
error: Path `frontImage` is required.,Path `backImage` is required.,Path `modelImage` is required.
error: token not found {"errors":[],"status":404}
error: token not found {"errors":[],"status":404}
info: login succuess ------ rahmatjon974@gmail.com
error: not verified {"errors":[],"status":401}
error: you are not admin {"errors":[],"status":400}
error: you are not admin {"errors":[],"status":400}
[2025-11-10 13:29:30] INFO: registered: {"email":"user@example.com","username":"string","password":"$2b$12$oFTrXg7QbLQ8fx44WVoiK.cYMJKsFkexXfTWJMklSmhLxQmYHPStO","otp":"769186","otpTime":1762763490072}
[2025-11-10 13:29:49] ERROR: wrong otp
[2025-11-10 13:30:18] ERROR: wrong otp
[2025-11-10 13:32:28] ERROR: such user already exists
[2025-11-10 13:33:07] ERROR: wrong otp
[2025-11-10 13:35:09] INFO: registered: {"email":"rahmatjon974@gmail.com","username":"string","password":"$2b$12$D.DrBTAX3hNtcjnXbSA8h.o/wk9mgbRU1lKtPi68JUiPS/1Zq0clC","otp":"361168","otpTime":1762763829371}
[2025-11-10 13:35:40] ERROR: wrong otp
[2025-11-10 13:36:45] ERROR: wrong otp
[2025-11-10 13:37:07] ERROR: wrong otp
[2025-11-10 13:37:47] ERROR: wrong otp
[2025-11-10 13:39:17] ERROR: otp expired
[2025-11-10 13:40:17] INFO: registered: {"email":"rahmatjon975@gmail.com","username":"string","password":"$2b$12$v8l.265CAV.77yC28P5y7.aPBS92Pw0NGih1Vsj39MxhDpf/4hEYO","otp":"355659","otpTime":1762764137545}
[2025-11-10 13:41:36] ERROR: wrong otp
[2025-11-10 13:41:46] ERROR: wrong otp
[2025-11-10 13:41:57] ERROR: wrong otp
[2025-11-10 13:42:14] ERROR: wrong otp
[2025-11-10 13:43:44] ERROR: wrong otp
[2025-11-10 13:45:19] ERROR: otp expired
[2025-11-10 13:45:24] ERROR: otp expired
[2025-11-10 13:45:25] ERROR: otp expired
[2025-11-10 13:45:34] ERROR: otp expired
[2025-11-10 13:45:34] ERROR: wrong otp
[2025-11-10 13:46:02] ERROR: otp expired
[2025-11-10 13:47:17] ERROR: otp expired
[2025-11-10 13:47:18] ERROR: otp expired
[2025-11-10 13:47:53] INFO: registered: {"email":"rahmatjon@example.com","username":"string","password":"$2b$12$aZznfSjNBKSJeVGGKlqaSew6czGdtYkST5g/r4NECkBsFB2uKI.T2","otp":"113050","otpTime":1762764593151}
[2025-11-10 13:48:00] ERROR: otp expired
[2025-11-10 13:48:02] ERROR: otp expired
[2025-11-10 13:48:50] ERROR: otp expired
[2025-11-10 13:49:35] INFO: verify success ----- rahmatjon@example.com
[2025-11-10 13:53:32] INFO: login success ------ rahmatjon@example.com
[2025-11-10 14:50:09] INFO: registered: {"email":"user@example.com","username":"string","password":"$2b$12$/6yE8R4OsBJGJ9sGobmi5OOr9RR69.izZ6saV.cXXHNnVDUOAf6Zq","otp":"212225","otpTime":1762768329946}
[2025-11-10 14:50:23] INFO: verify success ----- user@example.com
[2025-11-10 14:50:32] INFO: login success ------ user@example.com
[2025-11-10 15:08:09] ERROR: Token not found
[2025-11-10 15:08:12] ERROR: Token not found
[2025-11-10 15:08:14] ERROR: Token not found
[2025-11-10 15:08:29] ERROR: Token not found
[2025-11-10 15:09:11] ERROR: Token not found
[2025-11-10 15:09:13] ERROR: Token not found
[2025-11-10 15:09:14] ERROR: Token not found
[2025-11-10 15:09:14] ERROR: Token not found
[2025-11-10 15:09:15] ERROR: Token not found
[2025-11-10 15:09:15] ERROR: Token not found
[2025-11-10 15:09:15] ERROR: Token not found
[2025-11-10 15:09:15] ERROR: Token not found
[2025-11-10 15:09:15] ERROR: Token not found
[2025-11-10 15:09:16] ERROR: Token not found
[2025-11-10 15:09:16] ERROR: Token not found
[2025-11-10 15:09:16] ERROR: Token not found
[2025-11-10 15:09:16] ERROR: Token not found
[2025-11-10 15:09:16] ERROR: Token not found
[2025-11-10 15:09:19] ERROR: Token not found
[2025-11-10 15:09:20] ERROR: Token not found
[2025-11-10 15:10:10] INFO: login success ------ user@example.com
[2025-11-10 15:12:59] INFO: login success ------ user@example.com
[2025-11-10 15:28:12] ERROR: Token not found
[2025-11-10 15:28:23] ERROR: Token not found
[2025-11-10 15:29:18] ERROR: Token not found
[2025-11-10 15:29:21] ERROR: Token not found
[2025-11-10 15:29:21] ERROR: Token not found
[2025-11-10 15:29:22] ERROR: Token not found
[2025-11-10 15:29:25] ERROR: Token not found
[2025-11-10 15:29:54] INFO: login success ------ user@example.com
[2025-11-10 15:32:25] ERROR: Token not found
[2025-11-10 15:34:23] INFO: login success ------ user@example.com
[2025-11-10 15:38:29] ERROR: Product not found
[2025-11-10 15:50:33] ERROR: Token not found
[2025-11-10 15:50:47] INFO: login success ------ user@example.com
[2025-11-10 15:56:52] ERROR: Token not found
[2025-11-11 12:47:14] INFO: login success ------ user@example.com
[2025-11-11 13:09:43] ERROR: Token not found
[2025-11-11 13:09:56] INFO: login success ------ user@example.com
[2025-11-11 13:21:18] INFO: login success ------ user@example.com
